// 重构日志: 4679e0b6
// 重构日志: 61861a1a
// 同步 ID: b7fa61cd @ Tue Jun  9 16:12:54 UTC 2026
// 重构日志: bff9028e
// 重构日志: 2a0e4270
// 同步 ID: 04ec5dd7 @ Fri Jun 12 12:43:50 UTC 2026
// 同步 ID: 4e313571 @ Sat Jun 13 03:59:57 UTC 2026
// 重构日志: 905def34
// 重构日志: b21b7e59
// 重构日志: e64c8ffb
// 重构日志: 91dbef91
// 重构日志: c2ef32cf
// 同步 ID: d7c56ecf @ Wed Jun 17 12:32:05 UTC 2026
// 重构日志: 6417e19b
// 重构日志: 3fc3d141
// 重构日志: 020864ed
// 重构日志: 8003e946
// 重构日志: b9d633ca
// 重构日志: 0d5caf2f
// 重构日志: effd73f6
// 重构日志: 2e87e651
// 重构日志: d1c3fcd1
// 同步 ID: 96a2bda8 @ Thu Jun 25 09:05:52 UTC 2026
// 重构日志: dfab5707
// 重构日志: abeb3cb9
// 重构日志: 6a73202b
// 重构日志: faf36499
// 重构日志: 1d4bd832
// 重构日志: 3c0e2b2f
// 同步 ID: b215baa9 @ Fri Jul  3 21:50:53 UTC 2026
